<?xml version="1.0" encoding="UTF-8"?>
<testsuite name="com.armonia.backend.cycle.CycleCalculatorTests" tests="2" skipped="0" failures="0" errors="0" timestamp="2025-11-29T08:45:23.231Z" hostname="HERT" time="0.033">
  <properties/>
  <testcase name="ovulation prediction()" classname="com.armonia.backend.cycle.CycleCalculatorTests" time="0.028"/>
  <testcase name="next period prediction()" classname="com.armonia.backend.cycle.CycleCalculatorTests" time="0.002"/>
  <system-out><![CDATA[]]></system-out>
  <system-err><![CDATA[]]></system-err>
</testsuite>
